<?xml version="1.0" encoding="UTF-8"?>
<testng-results ignored="0" total="1" passed="1" failed="0" skipped="0">
  <reporter-output>
    <line>
      <![CDATA[Launching the browser using the URL:=https://www.demoblaze.com/index.html]]>
    </line>
    <line>
      <![CDATA[Clicking on the element with locator:=By.xpath: //a[@id='login2']]]>
    </line>
    <line>
      <![CDATA[Setting the text of the element:=By.id: loginusername with data:=bharathedu1]]>
    </line>
    <line>
      <![CDATA[Setting the text of the element:=By.id: loginpassword with data:=123456]]>
    </line>
    <line>
      <![CDATA[Clicking on the element with locator:=By.xpath: //button[text()='Log in']]]>
    </line>
    <line>
      <![CDATA[Clicking on the element with locator:=By.xpath: //a[text()='Laptops']]]>
    </line>
  </reporter-output>
  <suite started-at="2024-03-16T05:33:37 IST" name="Default suite" finished-at="2024-03-16T05:33:47 IST" duration-ms="10620">
    <groups>
      <group name="cucumber">
        <method signature="AbstractTestNGCucumberTests.runScenario(io.cucumber.testng.PickleWrapper,io.cucumber.testng.FeatureWrapper)[pri:0, instance:runner.TestRunner2@1fa121e2]" name="runScenario" class="io.cucumber.testng.AbstractTestNGCucumberTests"/>
      </group> <!-- cucumber -->
    </groups>
    <test started-at="2024-03-16T05:33:37 IST" name="Default test" finished-at="2024-03-16T05:33:47 IST" duration-ms="10620">
      <class name="runner.TestRunner2">
        <test-method is-config="true" signature="setUpClass(org.testng.ITestContext)[pri:0, instance:runner.TestRunner2@1fa121e2]" started-at="2024-03-16T05:33:37 IST" name="setUpClass" finished-at="2024-03-16T05:33:37 IST" duration-ms="488" status="PASS">
          <params>
            <param index="0">
              <value>
                <![CDATA[org.testng.TestRunner@3976ebfa]]>
              </value>
            </param>
          </params>
          <reporter-output>
          </reporter-output>
        </test-method> <!-- setUpClass -->
        <test-method signature="runScenario(io.cucumber.testng.PickleWrapper,io.cucumber.testng.FeatureWrapper)[pri:0, instance:runner.TestRunner2@1fa121e2]" started-at="2024-03-16T05:33:37 IST" name="runScenario" description="Runs Cucumber Scenarios" data-provider="scenarios" finished-at="2024-03-16T05:33:47 IST" duration-ms="10035" status="PASS">
          <params>
            <param index="0">
              <value>
                <![CDATA["Login with negetive credentials"]]>
              </value>
            </param>
            <param index="1">
              <value>
                <![CDATA["Login feature of Facebook"]]>
              </value>
            </param>
          </params>
          <reporter-output>
            <line>
              <![CDATA[Launching the browser using the URL:=https://www.demoblaze.com/index.html]]>
            </line>
            <line>
              <![CDATA[Clicking on the element with locator:=By.xpath: //a[@id='login2']]]>
            </line>
            <line>
              <![CDATA[Setting the text of the element:=By.id: loginusername with data:=bharathedu1]]>
            </line>
            <line>
              <![CDATA[Setting the text of the element:=By.id: loginpassword with data:=123456]]>
            </line>
            <line>
              <![CDATA[Clicking on the element with locator:=By.xpath: //button[text()='Log in']]]>
            </line>
            <line>
              <![CDATA[Clicking on the element with locator:=By.xpath: //a[text()='Laptops']]]>
            </line>
          </reporter-output>
        </test-method> <!-- runScenario -->
        <test-method is-config="true" signature="tearDownClass()[pri:0, instance:runner.TestRunner2@1fa121e2]" started-at="2024-03-16T05:33:47 IST" name="tearDownClass" finished-at="2024-03-16T05:33:47 IST" duration-ms="57" status="PASS">
          <reporter-output>
          </reporter-output>
        </test-method> <!-- tearDownClass -->
      </class> <!-- runner.TestRunner2 -->
    </test> <!-- Default test -->
  </suite> <!-- Default suite -->
</testng-results>
